        1            0.00            0.00          0.0300
        2           50.00            0.00          0.0300
        3          100.00            0.00          0.0300
        4          150.00            0.00          0.0300
        5            0.00           50.00          0.0300
        6           50.00           50.00          0.0300
        7          100.00           50.00          0.0300
        8          150.00           50.00          0.0300
        9            0.00          100.00          0.0300
       10           50.00          100.00          0.0300
       11          100.00          100.00          0.0300
       12          150.00          100.00          0.0300
       13            0.00          150.00          0.0300
       14           50.00          150.00          0.0300
       15          100.00          150.00          0.0300
       16          150.00          150.00          0.0300
       17            0.00          200.00          0.0300
       18           50.00          200.00          0.0300
       19          100.00          200.00          0.0300
       20          150.00          200.00          0.0300
       21            0.00          250.00          0.0300
       22           50.00          250.00          0.0300
       23          100.00          250.00          0.0300
       24          150.00          250.00          0.0300
       25            0.00          300.00          0.0300
       26           50.00          300.00          0.0300
       27          100.00          300.00          0.0300
       28          150.00          300.00          0.0300
       29            0.00          350.00          0.0300
       30           50.00          350.00          0.0300
       31          100.00          350.00          0.0300
       32          150.00          350.00          0.0300
       33            0.00          400.00          0.0300
       34           50.00          400.00          0.0300
       35          100.00          400.00          0.0300
       36          150.00          400.00          0.0300
       37            0.00          450.00          0.0300
       38           50.00          450.00          0.0300
       39          100.00          450.00          0.0300
       40          150.00          450.00          0.0300
       41            0.00          500.00          0.0300
       42           50.00          500.00          0.0300
       43          100.00          500.00          0.0300
       44          150.00          500.00          0.0300
       45            0.00          550.00          0.0300
       46           50.00          550.00          0.0300
       47          100.00          550.00          0.0300
       48          150.00          550.00          0.0300
       49            0.00          600.00          0.0300
       50           50.00          600.00          0.0300
       51          100.00          600.00          0.0300
       52          150.00          600.00          0.0300
       53            0.00          650.00          0.0300
       54           50.00          650.00          0.0300
       55          100.00          650.00          0.0300
       56          150.00          650.00          0.0300
       57            0.00          700.00          0.0300
       58           50.00          700.00          0.0300
       59          100.00          700.00          0.0300
       60          150.00          700.00          0.0300
       61            0.00          750.00          0.0300
       62           50.00          750.00          0.0300
       63          100.00          750.00          0.0300
       64          150.00          750.00          0.0300
       65            0.00          800.00          0.0300
       66           50.00          800.00          0.0300
       67          100.00          800.00          0.0300
       68          150.00          800.00          0.0300
       69            0.00          850.00          0.0300
       70           50.00          850.00          0.0300
       71          100.00          850.00          0.0300
       72          150.00          850.00          0.0300
       73            0.00          900.00          0.0300
       74           50.00          900.00          0.0300
       75          100.00          900.00          0.0300
       76          150.00          900.00          0.0300
       77            0.00          950.00          0.0300
       78           50.00          950.00          0.0300
       79          100.00          950.00          0.0300
       80          150.00          950.00          0.0300
       81            0.00         1000.00          0.0300
       82           50.00         1000.00          0.0300
       83          100.00         1000.00          0.0300
       84          150.00         1000.00          0.0300
       85            0.00         1050.00          0.0300
       86           50.00         1050.00          0.0300
       87          100.00         1050.00          0.0300
       88          150.00         1050.00          0.0300
       89            0.00         1100.00          0.0300
       90           50.00         1100.00          0.0300
       91          100.00         1100.00          0.0300
       92          150.00         1100.00          0.0300
       93            0.00         1150.00          0.0300
       94           50.00         1150.00          0.0300
       95          100.00         1150.00          0.0300
       96          150.00         1150.00          0.0300
       97            0.00         1200.00          0.0300
       98           50.00         1200.00          0.0300
       99          100.00         1200.00          0.0300
      100          150.00         1200.00          0.0300
      101            0.00         1250.00          0.0300
      102           50.00         1250.00          0.0300
      103          100.00         1250.00          0.0300
      104          150.00         1250.00          0.0300
      105            0.00         1300.00          0.0300
      106           50.00         1300.00          0.0300
      107          100.00         1300.00          0.0300
      108          150.00         1300.00          0.0300
      109            0.00         1350.00          0.0300
      110           50.00         1350.00          0.0300
      111          100.00         1350.00          0.0300
      112          150.00         1350.00          0.0300
      113            0.00         1400.00          0.0300
      114           50.00         1400.00          0.0300
      115          100.00         1400.00          0.0300
      116          150.00         1400.00          0.0300
      117            0.00         1450.00          0.0300
      118           50.00         1450.00          0.0300
      119          100.00         1450.00          0.0300
      120          150.00         1450.00          0.0300
      121            0.00         1500.00          0.0300
      122           50.00         1500.00          0.0300
      123          100.00         1500.00          0.0300
      124          150.00         1500.00          0.0300
      125            0.00         1550.00          0.0300
      126           50.00         1550.00          0.0300
      127          100.00         1550.00          0.0300
      128          150.00         1550.00          0.0300
      129            0.00         1600.00          0.0300
      130           50.00         1600.00          0.0300
      131          100.00         1600.00          0.0300
      132          150.00         1600.00          0.0300
      133            0.00         1650.00          0.0300
      134           50.00         1650.00          0.0300
      135          100.00         1650.00          0.0300
      136          150.00         1650.00          0.0300
      137            0.00         1700.00          0.0300
      138           50.00         1700.00          0.0300
      139          100.00         1700.00          0.0300
      140          150.00         1700.00          0.0300
      141            0.00         1750.00          0.0300
      142           50.00         1750.00          0.0300
      143          100.00         1750.00          0.0300
      144          150.00         1750.00          0.0300
      145            0.00         1800.00          0.0300
      146           50.00         1800.00          0.0300
      147          100.00         1800.00          0.0300
      148          150.00         1800.00          0.0300
      149            0.00         1850.00          0.0300
      150           50.00         1850.00          0.0300
      151          100.00         1850.00          0.0300
      152          150.00         1850.00          0.0300
      153            0.00         1900.00          0.0300
      154           50.00         1900.00          0.0300
      155          100.00         1900.00          0.0300
      156          150.00         1900.00          0.0300
      157            0.00         1950.00          0.0300
      158           50.00         1950.00          0.0300
      159          100.00         1950.00          0.0300
      160          150.00         1950.00          0.0300
      161            0.00         2000.00          0.0300
      162           50.00         2000.00          0.0300
      163          100.00         2000.00          0.0300
      164          150.00         2000.00          0.0300
      165            0.00         2050.00          0.0300
      166           50.00         2050.00          0.0300
      167          100.00         2050.00          0.0300
      168          150.00         2050.00          0.0300
      169            0.00         2100.00          0.0300
      170           50.00         2100.00          0.0300
      171          100.00         2100.00          0.0300
      172          150.00         2100.00          0.0300
      173            0.00         2150.00          0.0300
      174           50.00         2150.00          0.0300
      175          100.00         2150.00          0.0300
      176          150.00         2150.00          0.0300
      177            0.00         2200.00          0.0300
      178           50.00         2200.00          0.0300
      179          100.00         2200.00          0.0300
      180          150.00         2200.00          0.0300
      181            0.00         2250.00          0.0300
      182           50.00         2250.00          0.0300
      183          100.00         2250.00          0.0300
      184          150.00         2250.00          0.0300
      185            0.00         2300.00          0.0300
      186           50.00         2300.00          0.0300
      187          100.00         2300.00          0.0300
      188          150.00         2300.00          0.0300
      189            0.00         2350.00          0.0300
      190           50.00         2350.00          0.0300
      191          100.00         2350.00          0.0300
      192          150.00         2350.00          0.0300
      193            0.00         2400.00          0.0300
      194           50.00         2400.00          0.0300
      195          100.00         2400.00          0.0300
      196          150.00         2400.00          0.0300
      197            0.00         2450.00          0.0300
      198           50.00         2450.00          0.0300
      199          100.00         2450.00          0.0300
      200          150.00         2450.00          0.0300
      201            0.00         2500.00          0.0300
      202           50.00         2500.00          0.0300
      203          100.00         2500.00          0.0300
      204          150.00         2500.00          0.0300
      205            0.00         2550.00          0.0300
      206           50.00         2550.00          0.0300
      207          100.00         2550.00          0.0300
      208          150.00         2550.00          0.0300
      209            0.00         2600.00          0.0300
      210           50.00         2600.00          0.0300
      211          100.00         2600.00          0.0300
      212          150.00         2600.00          0.0300
      213            0.00         2650.00          0.0300
      214           50.00         2650.00          0.0300
      215          100.00         2650.00          0.0300
      216          150.00         2650.00          0.0300
      217            0.00         2700.00          0.0300
      218           50.00         2700.00          0.0300
      219          100.00         2700.00          0.0300
      220          150.00         2700.00          0.0300
      221            0.00         2750.00          0.0300
      222           50.00         2750.00          0.0300
      223          100.00         2750.00          0.0300
      224          150.00         2750.00          0.0300
      225            0.00         2800.00          0.0300
      226           50.00         2800.00          0.0300
      227          100.00         2800.00          0.0300
      228          150.00         2800.00          0.0300
      229            0.00         2850.00          0.0300
      230           50.00         2850.00          0.0300
      231          100.00         2850.00          0.0300
      232          150.00         2850.00          0.0300
      233            0.00         2900.00          0.0300
      234           50.00         2900.00          0.0300
      235          100.00         2900.00          0.0300
      236          150.00         2900.00          0.0300
      237            0.00         2950.00          0.0000
      238           50.00         2950.00          0.0000
      239          100.00         2950.00          0.0000
      240          150.00         2950.00          0.0000
