        1            0.00            0.00               0.0615
        2           50.00            0.00               0.0615
        3          100.00            0.00               0.0615
        4          150.00            0.00               0.0615
        5            0.00           50.00               0.0914
        6           50.00           50.00               0.0914
        7          100.00           50.00               0.0914
        8          150.00           50.00               0.0914
        9            0.00          100.00               0.1151
       10           50.00          100.00               0.1151
       11          100.00          100.00               0.1151
       12          150.00          100.00               0.1151
       13            0.00          150.00               0.1352
       14           50.00          150.00               0.1352
       15          100.00          150.00               0.1352
       16          150.00          150.00               0.1352
       17            0.00          200.00               0.1527
       18           50.00          200.00               0.1527
       19          100.00          200.00               0.1527
       20          150.00          200.00               0.1527
       21            0.00          250.00               0.1681
       22           50.00          250.00               0.1681
       23          100.00          250.00               0.1681
       24          150.00          250.00               0.1681
       25            0.00          300.00               0.1818
       26           50.00          300.00               0.1818
       27          100.00          300.00               0.1818
       28          150.00          300.00               0.1818
       29            0.00          350.00               0.1938
       30           50.00          350.00               0.1938
       31          100.00          350.00               0.1938
       32          150.00          350.00               0.1938
       33            0.00          400.00               0.2043
       34           50.00          400.00               0.2043
       35          100.00          400.00               0.2043
       36          150.00          400.00               0.2043
       37            0.00          450.00               0.2134
       38           50.00          450.00               0.2134
       39          100.00          450.00               0.2134
       40          150.00          450.00               0.2134
       41            0.00          500.00               0.2210
       42           50.00          500.00               0.2210
       43          100.00          500.00               0.2210
       44          150.00          500.00               0.2210
       45            0.00          550.00               0.2274
       46           50.00          550.00               0.2274
       47          100.00          550.00               0.2274
       48          150.00          550.00               0.2274
       49            0.00          600.00               0.2328
       50           50.00          600.00               0.2328
       51          100.00          600.00               0.2328
       52          150.00          600.00               0.2328
       53            0.00          650.00               0.2381
       54           50.00          650.00               0.2381
       55          100.00          650.00               0.2381
       56          150.00          650.00               0.2381
       57            0.00          700.00               0.2434
       58           50.00          700.00               0.2434
       59          100.00          700.00               0.2434
       60          150.00          700.00               0.2434
       61            0.00          750.00               0.2487
       62           50.00          750.00               0.2487
       63          100.00          750.00               0.2487
       64          150.00          750.00               0.2487
       65            0.00          800.00               0.2539
       66           50.00          800.00               0.2539
       67          100.00          800.00               0.2539
       68          150.00          800.00               0.2539
       69            0.00          850.00               0.2592
       70           50.00          850.00               0.2592
       71          100.00          850.00               0.2592
       72          150.00          850.00               0.2592
       73            0.00          900.00               0.2644
       74           50.00          900.00               0.2644
       75          100.00          900.00               0.2644
       76          150.00          900.00               0.2644
       77            0.00          950.00               0.2695
       78           50.00          950.00               0.2695
       79          100.00          950.00               0.2695
       80          150.00          950.00               0.2695
       81            0.00         1000.00               0.2747
       82           50.00         1000.00               0.2747
       83          100.00         1000.00               0.2747
       84          150.00         1000.00               0.2747
       85            0.00         1050.00               0.2798
       86           50.00         1050.00               0.2798
       87          100.00         1050.00               0.2798
       88          150.00         1050.00               0.2798
       89            0.00         1100.00               0.2848
       90           50.00         1100.00               0.2848
       91          100.00         1100.00               0.2848
       92          150.00         1100.00               0.2848
       93            0.00         1150.00               0.2898
       94           50.00         1150.00               0.2898
       95          100.00         1150.00               0.2898
       96          150.00         1150.00               0.2898
       97            0.00         1200.00               0.2948
       98           50.00         1200.00               0.2948
       99          100.00         1200.00               0.2948
      100          150.00         1200.00               0.2948
      101            0.00         1250.00               0.2998
      102           50.00         1250.00               0.2998
      103          100.00         1250.00               0.2998
      104          150.00         1250.00               0.2998
      105            0.00         1300.00               0.3047
      106           50.00         1300.00               0.3047
      107          100.00         1300.00               0.3047
      108          150.00         1300.00               0.3047
      109            0.00         1350.00               0.3096
      110           50.00         1350.00               0.3096
      111          100.00         1350.00               0.3096
      112          150.00         1350.00               0.3096
      113            0.00         1400.00               0.3144
      114           50.00         1400.00               0.3144
      115          100.00         1400.00               0.3144
      116          150.00         1400.00               0.3144
      117            0.00         1450.00               0.3193
      118           50.00         1450.00               0.3193
      119          100.00         1450.00               0.3193
      120          150.00         1450.00               0.3193
      121            0.00         1500.00               0.3240
      122           50.00         1500.00               0.3240
      123          100.00         1500.00               0.3240
      124          150.00         1500.00               0.3240
      125            0.00         1550.00               0.3286
      126           50.00         1550.00               0.3286
      127          100.00         1550.00               0.3286
      128          150.00         1550.00               0.3286
      129            0.00         1600.00               0.3329
      130           50.00         1600.00               0.3329
      131          100.00         1600.00               0.3329
      132          150.00         1600.00               0.3329
      133            0.00         1650.00               0.3368
      134           50.00         1650.00               0.3368
      135          100.00         1650.00               0.3368
      136          150.00         1650.00               0.3368
      137            0.00         1700.00               0.3403
      138           50.00         1700.00               0.3403
      139          100.00         1700.00               0.3403
      140          150.00         1700.00               0.3403
      141            0.00         1750.00               0.3435
      142           50.00         1750.00               0.3435
      143          100.00         1750.00               0.3435
      144          150.00         1750.00               0.3435
      145            0.00         1800.00               0.3464
      146           50.00         1800.00               0.3464
      147          100.00         1800.00               0.3464
      148          150.00         1800.00               0.3464
      149            0.00         1850.00               0.3492
      150           50.00         1850.00               0.3492
      151          100.00         1850.00               0.3492
      152          150.00         1850.00               0.3492
      153            0.00         1900.00               0.3520
      154           50.00         1900.00               0.3520
      155          100.00         1900.00               0.3520
      156          150.00         1900.00               0.3520
      157            0.00         1950.00               0.3548
      158           50.00         1950.00               0.3548
      159          100.00         1950.00               0.3548
      160          150.00         1950.00               0.3548
      161            0.00         2000.00               0.3576
      162           50.00         2000.00               0.3576
      163          100.00         2000.00               0.3576
      164          150.00         2000.00               0.3576
      165            0.00         2050.00               0.3604
      166           50.00         2050.00               0.3604
      167          100.00         2050.00               0.3604
      168          150.00         2050.00               0.3604
      169            0.00         2100.00               0.3631
      170           50.00         2100.00               0.3631
      171          100.00         2100.00               0.3631
      172          150.00         2100.00               0.3631
      173            0.00         2150.00               0.3659
      174           50.00         2150.00               0.3659
      175          100.00         2150.00               0.3659
      176          150.00         2150.00               0.3659
      177            0.00         2200.00               0.3687
      178           50.00         2200.00               0.3687
      179          100.00         2200.00               0.3687
      180          150.00         2200.00               0.3687
      181            0.00         2250.00               0.3714
      182           50.00         2250.00               0.3714
      183          100.00         2250.00               0.3714
      184          150.00         2250.00               0.3714
      185            0.00         2300.00               0.3742
      186           50.00         2300.00               0.3742
      187          100.00         2300.00               0.3742
      188          150.00         2300.00               0.3742
      189            0.00         2350.00               0.3773
      190           50.00         2350.00               0.3773
      191          100.00         2350.00               0.3773
      192          150.00         2350.00               0.3773
      193            0.00         2400.00               0.3804
      194           50.00         2400.00               0.3804
      195          100.00         2400.00               0.3804
      196          150.00         2400.00               0.3804
      197            0.00         2450.00               0.3834
      198           50.00         2450.00               0.3834
      199          100.00         2450.00               0.3834
      200          150.00         2450.00               0.3834
      201            0.00         2500.00               0.3865
      202           50.00         2500.00               0.3865
      203          100.00         2500.00               0.3865
      204          150.00         2500.00               0.3865
      205            0.00         2550.00               0.3895
      206           50.00         2550.00               0.3895
      207          100.00         2550.00               0.3895
      208          150.00         2550.00               0.3895
      209            0.00         2600.00               0.3925
      210           50.00         2600.00               0.3925
      211          100.00         2600.00               0.3925
      212          150.00         2600.00               0.3925
      213            0.00         2650.00               0.3955
      214           50.00         2650.00               0.3955
      215          100.00         2650.00               0.3955
      216          150.00         2650.00               0.3955
      217            0.00         2700.00               0.3985
      218           50.00         2700.00               0.3985
      219          100.00         2700.00               0.3985
      220          150.00         2700.00               0.3985
      221            0.00         2750.00               0.4014
      222           50.00         2750.00               0.4014
      223          100.00         2750.00               0.4014
      224          150.00         2750.00               0.4014
      225            0.00         2800.00               0.4042
      226           50.00         2800.00               0.4042
      227          100.00         2800.00               0.4042
      228          150.00         2800.00               0.4042
      229            0.00         2850.00               0.4066
      230           50.00         2850.00               0.4066
      231          100.00         2850.00               0.4066
      232          150.00         2850.00               0.4066
      233            0.00         2900.00               0.4084
      234           50.00         2900.00               0.4084
      235          100.00         2900.00               0.4084
      236          150.00         2900.00               0.4084
      237            0.00         2950.00               0.4084
      238           50.00         2950.00               0.4084
      239          100.00         2950.00               0.4084
      240          150.00         2950.00               0.4084
