        1            0.00            0.00               0.0250
        2           50.00            0.00               0.0249
        3          100.00            0.00               0.0249
        4          150.00            0.00               0.0250
        5            0.00           50.00               0.0249
        6           50.00           50.00               0.0249
        7          100.00           50.00               0.0249
        8          150.00           50.00               0.0249
        9            0.00          100.00               0.0249
       10           50.00          100.00               0.0249
       11          100.00          100.00               0.0249
       12          150.00          100.00               0.0249
       13            0.00          150.00               0.0248
       14           50.00          150.00               0.0250
       15          100.00          150.00               0.0250
       16          150.00          150.00               0.0248
       17            0.00          200.00               0.0249
       18           50.00          200.00               0.0250
       19          100.00          200.00               0.0250
       20          150.00          200.00               0.0249
       21            0.00          250.00               0.0249
       22           50.00          250.00               0.0249
       23          100.00          250.00               0.0249
       24          150.00          250.00               0.0249
       25            0.00          300.00               0.0248
       26           50.00          300.00               0.0249
       27          100.00          300.00               0.0249
       28          150.00          300.00               0.0248
       29            0.00          350.00               0.0249
       30           50.00          350.00               0.0248
       31          100.00          350.00               0.0248
       32          150.00          350.00               0.0249
       33            0.00          400.00               0.0248
       34           50.00          400.00               0.0249
       35          100.00          400.00               0.0249
       36          150.00          400.00               0.0248
       37            0.00          450.00               0.0250
       38           50.00          450.00               0.0250
       39          100.00          450.00               0.0250
       40          150.00          450.00               0.0250
       41            0.00          500.00               0.0250
       42           50.00          500.00               0.0248
       43          100.00          500.00               0.0248
       44          150.00          500.00               0.0250
       45            0.00          550.00               0.0249
       46           50.00          550.00               0.0248
       47          100.00          550.00               0.0248
       48          150.00          550.00               0.0249
       49            0.00          600.00               0.0248
       50           50.00          600.00               0.0249
       51          100.00          600.00               0.0249
       52          150.00          600.00               0.0248
       53            0.00          650.00               0.0250
       54           50.00          650.00               0.0250
       55          100.00          650.00               0.0250
       56          150.00          650.00               0.0250
       57            0.00          700.00               0.0249
       58           50.00          700.00               0.0249
       59          100.00          700.00               0.0249
       60          150.00          700.00               0.0249
       61            0.00          750.00               0.0249
       62           50.00          750.00               0.0249
       63          100.00          750.00               0.0249
       64          150.00          750.00               0.0249
       65            0.00          800.00               0.0250
       66           50.00          800.00               0.0250
       67          100.00          800.00               0.0250
       68          150.00          800.00               0.0250
       69            0.00          850.00               0.0248
       70           50.00          850.00               0.0248
       71          100.00          850.00               0.0248
       72          150.00          850.00               0.0248
       73            0.00          900.00               0.0249
       74           50.00          900.00               0.0249
       75          100.00          900.00               0.0249
       76          150.00          900.00               0.0249
       77            0.00          950.00               0.0249
       78           50.00          950.00               0.0249
       79          100.00          950.00               0.0249
       80          150.00          950.00               0.0249
       81            0.00         1000.00               0.0250
       82           50.00         1000.00               0.0250
       83          100.00         1000.00               0.0250
       84          150.00         1000.00               0.0250
       85            0.00         1050.00               0.0250
       86           50.00         1050.00               0.0250
       87          100.00         1050.00               0.0250
       88          150.00         1050.00               0.0250
       89            0.00         1100.00               0.0249
       90           50.00         1100.00               0.0249
       91          100.00         1100.00               0.0249
       92          150.00         1100.00               0.0249
       93            0.00         1150.00               0.0249
       94           50.00         1150.00               0.0249
       95          100.00         1150.00               0.0249
       96          150.00         1150.00               0.0249
       97            0.00         1200.00               0.0250
       98           50.00         1200.00               0.0250
       99          100.00         1200.00               0.0250
      100          150.00         1200.00               0.0250
      101            0.00         1250.00               0.0249
      102           50.00         1250.00               0.0249
      103          100.00         1250.00               0.0249
      104          150.00         1250.00               0.0249
      105            0.00         1300.00               0.0250
      106           50.00         1300.00               0.0250
      107          100.00         1300.00               0.0250
      108          150.00         1300.00               0.0250
      109            0.00         1350.00               0.0249
      110           50.00         1350.00               0.0249
      111          100.00         1350.00               0.0249
      112          150.00         1350.00               0.0249
      113            0.00         1400.00               0.0249
      114           50.00         1400.00               0.0249
      115          100.00         1400.00               0.0249
      116          150.00         1400.00               0.0249
      117            0.00         1450.00               0.0249
      118           50.00         1450.00               0.0249
      119          100.00         1450.00               0.0249
      120          150.00         1450.00               0.0249
      121            0.00         1500.00               0.0248
      122           50.00         1500.00               0.0248
      123          100.00         1500.00               0.0248
      124          150.00         1500.00               0.0248
      125            0.00         1550.00               0.0248
      126           50.00         1550.00               0.0248
      127          100.00         1550.00               0.0248
      128          150.00         1550.00               0.0248
      129            0.00         1600.00               0.0248
      130           50.00         1600.00               0.0248
      131          100.00         1600.00               0.0248
      132          150.00         1600.00               0.0248
      133            0.00         1650.00               0.0249
      134           50.00         1650.00               0.0249
      135          100.00         1650.00               0.0249
      136          150.00         1650.00               0.0249
      137            0.00         1700.00               0.0249
      138           50.00         1700.00               0.0249
      139          100.00         1700.00               0.0249
      140          150.00         1700.00               0.0249
      141            0.00         1750.00               0.0250
      142           50.00         1750.00               0.0250
      143          100.00         1750.00               0.0250
      144          150.00         1750.00               0.0250
      145            0.00         1800.00               0.0250
      146           50.00         1800.00               0.0250
      147          100.00         1800.00               0.0250
      148          150.00         1800.00               0.0250
      149            0.00         1850.00               0.0248
      150           50.00         1850.00               0.0248
      151          100.00         1850.00               0.0248
      152          150.00         1850.00               0.0248
      153            0.00         1900.00               0.0250
      154           50.00         1900.00               0.0250
      155          100.00         1900.00               0.0250
      156          150.00         1900.00               0.0250
      157            0.00         1950.00               0.0248
      158           50.00         1950.00               0.0249
      159          100.00         1950.00               0.0249
      160          150.00         1950.00               0.0248
      161            0.00         2000.00               0.0250
      162           50.00         2000.00               0.0250
      163          100.00         2000.00               0.0250
      164          150.00         2000.00               0.0250
      165            0.00         2050.00               0.0249
      166           50.00         2050.00               0.0249
      167          100.00         2050.00               0.0249
      168          150.00         2050.00               0.0249
      169            0.00         2100.00               0.0248
      170           50.00         2100.00               0.0248
      171          100.00         2100.00               0.0248
      172          150.00         2100.00               0.0248
      173            0.00         2150.00               0.0250
      174           50.00         2150.00               0.0250
      175          100.00         2150.00               0.0250
      176          150.00         2150.00               0.0250
      177            0.00         2200.00               0.0249
      178           50.00         2200.00               0.0249
      179          100.00         2200.00               0.0249
      180          150.00         2200.00               0.0249
      181            0.00         2250.00               0.0248
      182           50.00         2250.00               0.0248
      183          100.00         2250.00               0.0248
      184          150.00         2250.00               0.0248
      185            0.00         2300.00               0.0250
      186           50.00         2300.00               0.0250
      187          100.00         2300.00               0.0250
      188          150.00         2300.00               0.0250
      189            0.00         2350.00               0.0357
      190           50.00         2350.00               0.0357
      191          100.00         2350.00               0.0357
      192          150.00         2350.00               0.0357
      193            0.00         2400.00               0.0421
      194           50.00         2400.00               0.0421
      195          100.00         2400.00               0.0421
      196          150.00         2400.00               0.0421
      197            0.00         2450.00               0.0459
      198           50.00         2450.00               0.0459
      199          100.00         2450.00               0.0459
      200          150.00         2450.00               0.0459
      201            0.00         2500.00               0.0485
      202           50.00         2500.00               0.0485
      203          100.00         2500.00               0.0485
      204          150.00         2500.00               0.0485
      205            0.00         2550.00               0.0505
      206           50.00         2550.00               0.0505
      207          100.00         2550.00               0.0505
      208          150.00         2550.00               0.0505
      209            0.00         2600.00               0.0521
      210           50.00         2600.00               0.0521
      211          100.00         2600.00               0.0521
      212          150.00         2600.00               0.0521
      213            0.00         2650.00               0.0536
      214           50.00         2650.00               0.0536
      215          100.00         2650.00               0.0536
      216          150.00         2650.00               0.0536
      217            0.00         2700.00               0.0549
      218           50.00         2700.00               0.0549
      219          100.00         2700.00               0.0549
      220          150.00         2700.00               0.0549
      221            0.00         2750.00               0.0562
      222           50.00         2750.00               0.0562
      223          100.00         2750.00               0.0562
      224          150.00         2750.00               0.0562
      225            0.00         2800.00               0.0575
      226           50.00         2800.00               0.0575
      227          100.00         2800.00               0.0575
      228          150.00         2800.00               0.0575
      229            0.00         2850.00               0.0587
      230           50.00         2850.00               0.0587
      231          100.00         2850.00               0.0587
      232          150.00         2850.00               0.0587
      233            0.00         2900.00               0.0598
      234           50.00         2900.00               0.0598
      235          100.00         2900.00               0.0598
      236          150.00         2900.00               0.0598
      237            0.00         2950.00               0.0598
      238           50.00         2950.00               0.0598
      239          100.00         2950.00               0.0598
      240          150.00         2950.00               0.0598
