                                         STRUCTURE OUTFLOW DISCHARGE
  INFLOW AND OUTFLOW DISCHARGE MAY BE DIFFERENT IF STRUCTURE IS A LONG CULVERT OR IF OUTFLOW COMBINES MULTIPLE CULVERTS
                                   OUTFLOW DISCHARGE IS REPORTED AS NEGATIVE

     FLOODPLAIN GRID ELEMENTS     TIME (HRS)               DISCHARGE (CFS OR CMS)

 THE MAXIMUM DISCHARGE FOR: Grnway1         STRUCTURE NO.        1 IS:        84.52  AT TIME:     4.60
                                        INFLOW NODE:     35372 AND OUTFLOW NODE:     34515
                                     0.10               0.00                      0.00
                                     0.20               0.00                      0.00
                                     0.30               0.00                      0.00
                                     0.40               0.00                      0.00
                                     0.50               0.00                      0.00
                                     0.60               0.00                      0.00
                                     0.70               0.00                      0.00
                                     0.80               0.04                     -0.04
                                     0.90               0.01                     -0.01
                                     1.00               0.01                     -0.01
                                     1.10               0.01                     -0.01
                                     1.20               0.01                     -0.01
                                     1.30               0.01                     -0.01
                                     1.40               0.01                     -0.01
                                     1.50               0.01                     -0.01
                                     1.60               0.01                     -0.01
                                     1.70               0.01                     -0.01
                                     1.80               0.01                     -0.01
                                     1.90               0.01                     -0.01
                                     2.00               0.01                     -0.01
                                     2.10               0.01                     -0.01
                                     2.20               0.01                     -0.01
                                     2.30               0.01                     -0.01
                                     2.40               0.01                     -0.01
                                     2.50               0.01                     -0.01
                                     2.60               0.01                     -0.01
                                     2.70               0.01                     -0.01
                                     2.80               0.02                     -0.02
                                     2.90               0.02                     -0.02
                                     3.00               0.02                     -0.02
                                     3.10               0.04                     -0.04
                                     3.20               0.04                     -0.04
                                     3.30               0.52                     -0.52
                                     3.40               0.68                     -0.68
                                     3.50               0.76                     -0.76
                                     3.60               0.97                     -0.97
                                     3.70               1.23                     -1.23
                                     3.80               2.00                     -2.00
                                     3.90              12.12                    -12.12
                                     4.00              28.41                    -28.41
                                     4.10              32.34                    -32.34
                                     4.20              33.37                    -33.37
                                     4.30              46.95                    -46.95
                                     4.40              68.90                    -68.90
                                     4.50              80.72                    -80.72
                                     4.60              84.52                    -84.52
                                     4.70              84.04                    -84.04
                                     4.80              81.93                    -81.93
                                     4.90              79.14                    -79.14
                                     5.00              75.89                    -75.89
                                     5.10              72.22                    -72.22
                                     5.20              68.81                    -68.81
                                     5.30              65.60                    -65.60
                                     5.40              62.73                    -62.73
                                     5.50              60.40                    -60.40
                                     5.60              58.09                    -58.09
                                     5.70              55.84                    -55.84
                                     5.80              53.60                    -53.60
                                     5.90              51.38                    -51.38
                                     6.00              49.22                    -49.22
                                     6.10              46.39                    -46.39
                                     6.20              45.12                    -45.12
                                     6.30              43.91                    -43.91

 THE MAXIMUM DISCHARGE FOR: Grnway2         STRUCTURE NO.        2 IS:       184.61  AT TIME:     4.90
                                        INFLOW NODE:     17840 AND OUTFLOW NODE:     17127
                                     0.10               0.00                      0.00
                                     0.20               0.00                      0.00
                                     0.30               0.00                      0.00
                                     0.40               0.00                      0.00
                                     0.50               0.00                      0.00
                                     0.60               0.00                      0.00
                                     0.70               0.00                      0.00
                                     0.80               0.00                      0.00
                                     0.90               0.00                      0.00
                                     1.00               0.00                      0.00
                                     1.10               0.00                      0.00
                                     1.20               0.00                      0.00
                                     1.30               0.00                      0.00
                                     1.40               0.00                      0.00
                                     1.50               0.00                      0.00
                                     1.60               0.03                     -0.03
                                     1.70               0.14                     -0.14
                                     1.80               0.01                     -0.01
                                     1.90               0.01                     -0.01
                                     2.00               0.01                     -0.01
                                     2.10               0.02                     -0.02
                                     2.20               0.03                     -0.03
                                     2.30               0.03                     -0.03
                                     2.40               0.29                     -0.29
                                     2.50               0.35                     -0.35
                                     2.60               0.47                     -0.47
                                     2.70               0.35                     -0.35
                                     2.80               0.63                     -0.63
                                     2.90               0.59                     -0.59
                                     3.00               0.65                     -0.65
                                     3.10               1.60                     -1.60
                                     3.20               7.70                     -7.70
                                     3.30               9.65                     -9.65
                                     3.40              11.98                    -11.98
                                     3.50              15.02                    -15.02
                                     3.60              20.12                    -20.12
                                     3.70              27.51                    -27.51
                                     3.80              36.27                    -36.27
                                     3.90              48.70                    -48.70
                                     4.00              61.16                    -61.16
                                     4.10              80.04                    -80.04
                                     4.20              95.76                    -95.76
                                     4.30             117.47                   -117.47
                                     4.40             128.89                   -128.89
                                     4.50             141.45                   -141.45
                                     4.60             163.90                   -163.90
                                     4.70             178.67                   -178.67
                                     4.80             183.51                   -183.51
                                     4.90             184.61                   -184.61
                                     5.00             183.40                   -183.40
                                     5.10             179.99                   -179.99
                                     5.20             172.10                   -172.10
                                     5.30             163.16                   -163.16
                                     5.40             157.70                   -157.70
                                     5.50             154.04                   -154.04
                                     5.60             148.33                   -148.33
                                     5.70             143.23                   -143.23
                                     5.80             139.23                   -139.23
                                     5.90             135.73                   -135.73
                                     6.00             132.78                   -132.78
                                     6.10             127.99                   -127.99
                                     6.20             122.59                   -122.59
                                     6.30             116.76                   -116.76

 THE MAXIMUM DISCHARGE FOR: CULV_009        STRUCTURE NO.        3 IS:       477.94  AT TIME:     6.30
                                        INFLOW NODE:     43815 AND OUTFLOW NODE:     43173
                                     0.10               0.00                      0.00
                                     0.20               0.00                      0.00
                                     0.30               0.00                      0.00
                                     0.40               0.00                      0.00
                                     0.50               0.00                      0.00
                                     0.60               0.00                      0.00
                                     0.70               0.00                      0.00
                                     0.80               0.00                      0.00
                                     0.90               0.00                      0.00
                                     1.00               0.00                      0.00
                                     1.10               0.00                      0.00
                                     1.20               0.00                      0.00
                                     1.30               0.00                      0.00
                                     1.40               0.00                      0.00
                                     1.50               0.00                      0.00
                                     1.60               9.79                     -9.79
                                     1.70              32.71                    -32.71
                                     1.80              50.50                    -50.50
                                     1.90              68.92                    -68.92
                                     2.00              85.67                    -85.67
                                     2.10              99.69                    -99.69
                                     2.20             116.11                   -116.11
                                     2.30             131.69                   -131.69
                                     2.40             147.70                   -147.70
                                     2.50             162.90                   -162.90
                                     2.60             177.77                   -177.77
                                     2.70             192.22                   -192.22
                                     2.80             208.09                   -208.09
                                     2.90             223.23                   -223.23
                                     3.00             237.01                   -237.01
                                     3.10             249.44                   -249.44
                                     3.20             261.21                   -261.21
                                     3.30             272.99                   -272.99
                                     3.40             283.75                   -283.75
                                     3.50             294.72                   -294.72
                                     3.60             306.44                   -306.44
                                     3.70             319.04                   -319.04
                                     3.80             331.85                   -331.85
                                     3.90             345.65                   -345.65
                                     4.00             358.67                   -358.67
                                     4.10             371.74                   -371.74
                                     4.20             383.86                   -383.86
                                     4.30             395.34                   -395.34
                                     4.40             404.96                   -404.96
                                     4.50             413.25                   -413.25
                                     4.60             420.16                   -420.16
                                     4.70             425.76                   -425.76
                                     4.80             431.15                   -431.15
                                     4.90             436.38                   -436.38
                                     5.00             441.75                   -441.75
                                     5.10             447.40                   -447.40
                                     5.20             452.42                   -452.42
                                     5.30             456.70                   -456.70
                                     5.40             460.52                   -460.52
                                     5.50             464.12                   -464.12
                                     5.60             467.15                   -467.15
                                     5.70             469.53                   -469.53
                                     5.80             471.58                   -471.58
                                     5.90             473.35                   -473.35
                                     6.00             474.84                   -474.84
                                     6.10             476.09                   -476.09
                                     6.20             477.06                   -477.06
                                     6.30             477.94                   -477.94

 THE MAXIMUM DISCHARGE FOR: CULV_069        STRUCTURE NO.        4 IS:        82.66  AT TIME:     4.80
                                        INFLOW NODE:      1643 AND OUTFLOW NODE:      1318
                                     0.10               0.00                      0.00
                                     0.20               0.00                      0.00
                                     0.30               0.00                      0.00
                                     0.40               0.00                      0.00
                                     0.50               0.00                      0.00
                                     0.60               0.00                      0.00
                                     0.70               0.00                      0.00
                                     0.80               0.00                      0.00
                                     0.90               0.00                      0.00
                                     1.00               0.00                      0.00
                                     1.10               0.00                      0.00
                                     1.20               0.00                      0.00
                                     1.30               0.00                      0.00
                                     1.40               0.00                      0.00
                                     1.50               0.00                      0.00
                                     1.60               0.00                      0.00
                                     1.70               0.00                      0.00
                                     1.80               0.00                      0.00
                                     1.90               0.06                     -0.06
                                     2.00               0.07                     -0.07
                                     2.10               0.07                     -0.07
                                     2.20               0.07                     -0.07
                                     2.30               0.07                     -0.07
                                     2.40               0.08                     -0.08
                                     2.50               0.08                     -0.08
                                     2.60               0.09                     -0.09
                                     2.70               0.10                     -0.10
                                     2.80               0.11                     -0.11
                                     2.90               0.13                     -0.13
                                     3.00               0.16                     -0.16
                                     3.10               0.23                     -0.23
                                     3.20               0.34                     -0.34
                                     3.30               0.49                     -0.49
                                     3.40               0.76                     -0.76
                                     3.50               1.04                     -1.04
                                     3.60               1.46                     -1.46
                                     3.70               2.34                     -2.34
                                     3.80               3.20                     -3.20
                                     3.90               4.19                     -4.19
                                     4.00               5.54                     -5.54
                                     4.10              10.02                    -10.02
                                     4.20              19.16                    -19.16
                                     4.30              27.00                    -27.00
                                     4.40              29.34                    -29.34
                                     4.50              42.26                    -42.26
                                     4.60              69.30                    -69.30
                                     4.70              79.42                    -79.42
                                     4.80              82.66                    -82.66
                                     4.90              81.79                    -81.79
                                     5.00              79.63                    -79.63
                                     5.10              76.84                    -76.84
                                     5.20              72.80                    -72.80
                                     5.30              69.48                    -69.48
                                     5.40              64.91                    -64.91
                                     5.50              61.07                    -61.07
                                     5.60              58.64                    -58.64
                                     5.70              56.43                    -56.43
                                     5.80              53.60                    -53.60
                                     5.90              50.17                    -50.17
                                     6.00              45.90                    -45.90
                                     6.10              42.75                    -42.75
                                     6.20              40.12                    -40.12
                                     6.30              38.14                    -38.14

 THE MAXIMUM DISCHARGE FOR: CULV_070        STRUCTURE NO.        5 IS:        39.37  AT TIME:     4.50
                                        INFLOW NODE:     18191 AND OUTFLOW NODE:     18199
                                     0.10               0.00                      0.00
                                     0.20               0.00                      0.00
                                     0.30               0.00                      0.00
                                     0.40               0.00                      0.00
                                     0.50               0.00                      0.00
                                     0.60               0.00                      0.00
                                     0.70               0.00                      0.00
                                     0.80               0.00                      0.00
                                     0.90               0.00                      0.00
                                     1.00               0.00                      0.00
                                     1.10               0.00                      0.00
                                     1.20               0.00                      0.00
                                     1.30               0.00                      0.00
                                     1.40               0.00                      0.00
                                     1.50               0.00                      0.00
                                     1.60               0.00                      0.00
                                     1.70               0.00                      0.00
                                     1.80               0.00                      0.00
                                     1.90               0.00                      0.00
                                     2.00               0.00                      0.00
                                     2.10               0.00                      0.00
                                     2.20               0.00                      0.00
                                     2.30               0.00                      0.00
                                     2.40               0.00                      0.00
                                     2.50               0.00                      0.00
                                     2.60               0.00                      0.00
                                     2.70               0.00                      0.00
                                     2.80               0.00                      0.00
                                     2.90               0.00                      0.00
                                     3.00               0.00                      0.00
                                     3.10               0.00                      0.00
                                     3.20               0.04                     -0.04
                                     3.30               0.19                     -0.19
                                     3.40               0.34                     -0.34
                                     3.50               0.46                     -0.46
                                     3.60               0.69                     -0.69
                                     3.70               1.06                     -1.06
                                     3.80               2.10                     -2.10
                                     3.90               3.64                     -3.64
                                     4.00               6.45                     -6.45
                                     4.10              10.98                    -10.98
                                     4.20              15.52                    -15.52
                                     4.30              28.21                    -28.21
                                     4.40              36.34                    -36.34
                                     4.50              39.37                    -39.37
                                     4.60              38.28                    -38.28
                                     4.70              36.11                    -36.11
                                     4.80              33.39                    -33.39
                                     4.90              30.86                    -30.86
                                     5.00              28.41                    -28.41
                                     5.10              26.06                    -26.06
                                     5.20              23.26                    -23.26
                                     5.30              20.87                    -20.87
                                     5.40              20.77                    -20.77
                                     5.50              22.10                    -22.10
                                     5.60              21.16                    -21.16
                                     5.70              19.71                    -19.71
                                     5.80              19.05                    -19.05
                                     5.90              18.91                    -18.91
                                     6.00              19.23                    -19.23
                                     6.10              18.57                    -18.57
                                     6.20              17.54                    -17.54
                                     6.30              16.27                    -16.27

 THE MAXIMUM DISCHARGE FOR: CULV_122        STRUCTURE NO.        6 IS:        64.46  AT TIME:     4.90
                                        INFLOW NODE:      2399 AND OUTFLOW NODE:      1564
                                     0.10               0.00                      0.00
                                     0.20               0.00                      0.00
                                     0.30               0.00                      0.00
                                     0.40               0.00                      0.00
                                     0.50               0.00                      0.00
                                     0.60               0.00                      0.00
                                     0.70               0.00                      0.00
                                     0.80               0.00                      0.00
                                     0.90               0.00                      0.00
                                     1.00               0.00                      0.00
                                     1.10               0.00                      0.00
                                     1.20               0.00                      0.00
                                     1.30               0.00                      0.00
                                     1.40               0.00                      0.00
                                     1.50               0.00                      0.00
                                     1.60               0.00                      0.00
                                     1.70               0.00                      0.00
                                     1.80               0.00                      0.00
                                     1.90               0.00                      0.00
                                     2.00               0.00                      0.00
                                     2.10               0.00                      0.00
                                     2.20               0.00                      0.00
                                     2.30               0.00                      0.00
                                     2.40               0.00                      0.00
                                     2.50               0.00                      0.00
                                     2.60               0.01                     -0.01
                                     2.70               0.02                     -0.02
                                     2.80               0.02                     -0.02
                                     2.90               0.03                     -0.03
                                     3.00               0.03                     -0.03
                                     3.10               0.06                     -0.06
                                     3.20               0.08                     -0.08
                                     3.30               0.10                     -0.10
                                     3.40               0.17                     -0.17
                                     3.50               0.20                     -0.20
                                     3.60               0.36                     -0.36
                                     3.70               0.49                     -0.49
                                     3.80               0.60                     -0.60
                                     3.90               0.79                     -0.79
                                     4.00               0.98                     -0.98
                                     4.10               1.46                     -1.46
                                     4.20               4.33                     -4.33
                                     4.30               5.47                     -5.47
                                     4.40               7.94                     -7.94
                                     4.50              14.57                    -14.57
                                     4.60              16.38                    -16.38
                                     4.70              38.76                    -38.76
                                     4.80              63.57                    -63.57
                                     4.90              64.46                    -64.46
                                     5.00              62.21                    -62.21
                                     5.10              59.98                    -59.98
                                     5.20              57.80                    -57.80
                                     5.30              55.23                    -55.23
                                     5.40              53.09                    -53.09
                                     5.50              52.15                    -52.15
                                     5.60              51.61                    -51.61
                                     5.70              49.73                    -49.73
                                     5.80              47.36                    -47.36
                                     5.90              44.97                    -44.97
                                     6.00              43.24                    -43.24
                                     6.10              41.51                    -41.51
                                     6.20              39.60                    -39.60
                                     6.30              37.72                    -37.72

 THE MAXIMUM DISCHARGE FOR: CULV_125        STRUCTURE NO.        7 IS:         1.37  AT TIME:     5.10
                                        INFLOW NODE:     22655 AND OUTFLOW NODE:     21898
                                     0.10               0.00                      0.00
                                     0.20               0.00                      0.00
                                     0.30               0.00                      0.00
                                     0.40               0.00                      0.00
                                     0.50               0.00                      0.00
                                     0.60               0.00                      0.00
                                     0.70               0.00                      0.00
                                     0.80               0.00                      0.00
                                     0.90               0.00                      0.00
                                     1.00               0.00                      0.00
                                     1.10               0.00                      0.00
                                     1.20               0.00                      0.00
                                     1.30               0.00                      0.00
                                     1.40               0.00                      0.00
                                     1.50               0.00                      0.00
                                     1.60               0.00                      0.00
                                     1.70               0.00                      0.00
                                     1.80               0.00                      0.00
                                     1.90               0.00                      0.00
                                     2.00               0.00                      0.00
                                     2.10               0.00                      0.00
                                     2.20               0.00                      0.00
                                     2.30               0.00                      0.00
                                     2.40               0.00                      0.00
                                     2.50               0.00                      0.00
                                     2.60               0.00                      0.00
                                     2.70               0.00                      0.00
                                     2.80               0.00                      0.00
                                     2.90               0.00                      0.00
                                     3.00               0.00                      0.00
                                     3.10               0.00                      0.00
                                     3.20               0.00                      0.00
                                     3.30               0.00                      0.00
                                     3.40               0.00                      0.00
                                     3.50               0.00                      0.00
                                     3.60               0.00                      0.00
                                     3.70               0.00                      0.00
                                     3.80               0.00                      0.00
                                     3.90               0.00                      0.00
                                     4.00               0.00                      0.00
                                     4.10               0.00                      0.00
                                     4.20               0.04                     -0.04
                                     4.30               0.36                     -0.36
                                     4.40               0.85                     -0.85
                                     4.50               1.02                     -1.02
                                     4.60               1.05                     -1.05
                                     4.70               1.18                     -1.18
                                     4.80               1.27                     -1.27
                                     4.90               1.25                     -1.25
                                     5.00               1.35                     -1.35
                                     5.10               1.37                     -1.37
                                     5.20               1.33                     -1.33
                                     5.30               1.32                     -1.32
                                     5.40               1.29                     -1.29
                                     5.50               1.23                     -1.23
                                     5.60               1.22                     -1.22
                                     5.70               1.21                     -1.21
                                     5.80               1.19                     -1.19
                                     5.90               1.29                     -1.29
                                     6.00               1.31                     -1.31
                                     6.10               1.29                     -1.29
                                     6.20               1.26                     -1.26
                                     6.30               1.22                     -1.22

 THE MAXIMUM DISCHARGE FOR: CULV_126        STRUCTURE NO.        8 IS:         6.67  AT TIME:     4.70
                                        INFLOW NODE:     30281 AND OUTFLOW NODE:     29873
                                     0.10               0.00                      0.00
                                     0.20               0.00                      0.00
                                     0.30               0.00                      0.00
                                     0.40               0.00                      0.00
                                     0.50               0.00                      0.00
                                     0.60               0.00                      0.00
                                     0.70               0.00                      0.00
                                     0.80               0.00                      0.00
                                     0.90               0.00                      0.00
                                     1.00               0.00                      0.00
                                     1.10               0.00                      0.00
                                     1.20               0.00                      0.00
                                     1.30               0.00                      0.00
                                     1.40               0.00                      0.00
                                     1.50               0.00                      0.00
                                     1.60               0.00                      0.00
                                     1.70               0.00                      0.00
                                     1.80               0.00                      0.00
                                     1.90               0.00                      0.00
                                     2.00               0.00                      0.00
                                     2.10               0.00                      0.00
                                     2.20               0.00                      0.00
                                     2.30               0.00                      0.00
                                     2.40               0.00                      0.00
                                     2.50               0.00                      0.00
                                     2.60               0.00                      0.00
                                     2.70               0.00                      0.00
                                     2.80               0.00                      0.00
                                     2.90               0.00                      0.00
                                     3.00               0.00                      0.00
                                     3.10               0.00                      0.00
                                     3.20               0.00                      0.00
                                     3.30               0.00                      0.00
                                     3.40               0.00                      0.00
                                     3.50               0.03                     -0.03
                                     3.60               0.22                     -0.22
                                     3.70               0.44                     -0.44
                                     3.80               0.63                     -0.63
                                     3.90               0.95                     -0.95
                                     4.00               1.50                     -1.50
                                     4.10               2.53                     -2.53
                                     4.20               3.63                     -3.63
                                     4.30               4.50                     -4.50
                                     4.40               5.02                     -5.02
                                     4.50               5.36                     -5.36
                                     4.60               6.65                     -6.65
                                     4.70               6.67                     -6.67
                                     4.80               6.64                     -6.64
                                     4.90               6.60                     -6.60
                                     5.00               6.58                     -6.58
                                     5.10               6.55                     -6.55
                                     5.20               6.51                     -6.51
                                     5.30               6.45                     -6.45
                                     5.40               6.44                     -6.44
                                     5.50               6.46                     -6.46
                                     5.60               6.48                     -6.48
                                     5.70               6.39                     -6.39
                                     5.80               6.15                     -6.15
                                     5.90               5.93                     -5.93
                                     6.00               5.64                     -5.64
                                     6.10               5.31                     -5.31
                                     6.20               4.88                     -4.88
                                     6.30               4.68                     -4.68

 THE MAXIMUM DISCHARGE FOR: CULV_128        STRUCTURE NO.        9 IS:         0.36  AT TIME:     5.40
                                        INFLOW NODE:     13305 AND OUTFLOW NODE:     12775
                                     0.10               0.00                      0.00
                                     0.20               0.00                      0.00
                                     0.30               0.00                      0.00
                                     0.40               0.00                      0.00
                                     0.50               0.00                      0.00
                                     0.60               0.00                      0.00
                                     0.70               0.00                      0.00
                                     0.80               0.00                      0.00
                                     0.90               0.00                      0.00
                                     1.00               0.00                      0.00
                                     1.10               0.00                      0.00
                                     1.20               0.00                      0.00
                                     1.30               0.00                      0.00
                                     1.40               0.00                      0.00
                                     1.50               0.00                      0.00
                                     1.60               0.00                      0.00
                                     1.70               0.00                      0.00
                                     1.80               0.00                      0.00
                                     1.90               0.00                      0.00
                                     2.00               0.00                      0.00
                                     2.10               0.00                      0.00
                                     2.20               0.00                      0.00
                                     2.30               0.00                      0.00
                                     2.40               0.00                      0.00
                                     2.50               0.00                      0.00
                                     2.60               0.00                      0.00
                                     2.70               0.00                      0.00
                                     2.80               0.00                      0.00
                                     2.90               0.00                      0.00
                                     3.00               0.00                      0.00
                                     3.10               0.00                      0.00
                                     3.20               0.00                      0.00
                                     3.30               0.00                      0.00
                                     3.40               0.00                      0.00
                                     3.50               0.00                      0.00
                                     3.60               0.00                      0.00
                                     3.70               0.00                      0.00
                                     3.80               0.00                      0.00
                                     3.90               0.00                      0.00
                                     4.00               0.03                     -0.03
                                     4.10               0.22                     -0.22
                                     4.20               0.33                     -0.33
                                     4.30               0.33                     -0.33
                                     4.40               0.27                     -0.27
                                     4.50               0.23                     -0.23
                                     4.60               0.15                     -0.15
                                     4.70               0.10                     -0.10
                                     4.80               0.06                     -0.06
                                     4.90               0.03                     -0.03
                                     5.00               0.04                     -0.04
                                     5.10               0.14                     -0.14
                                     5.20               0.29                     -0.29
                                     5.30               0.36                     -0.36
                                     5.40               0.36                     -0.36
                                     5.50               0.34                     -0.34
                                     5.60               0.27                     -0.27
                                     5.70               0.18                     -0.18
                                     5.80               0.12                     -0.12
                                     5.90               0.04                     -0.04
                                     6.00               0.00                      0.00
                                     6.10               0.00                      0.00
                                     6.20               0.00                      0.00
                                     6.30               0.00                      0.00

 THE MAXIMUM DISCHARGE FOR: CULV_129        STRUCTURE NO.       10 IS:         0.07  AT TIME:     4.40
                                        INFLOW NODE:     13485 AND OUTFLOW NODE:     12954
                                     0.10               0.00                      0.00
                                     0.20               0.00                      0.00
                                     0.30               0.00                      0.00
                                     0.40               0.00                      0.00
                                     0.50               0.00                      0.00
                                     0.60               0.00                      0.00
                                     0.70               0.00                      0.00
                                     0.80               0.00                      0.00
                                     0.90               0.00                      0.00
                                     1.00               0.00                      0.00
                                     1.10               0.00                      0.00
                                     1.20               0.00                      0.00
                                     1.30               0.00                      0.00
                                     1.40               0.00                      0.00
                                     1.50               0.00                      0.00
                                     1.60               0.00                      0.00
                                     1.70               0.00                      0.00
                                     1.80               0.00                      0.00
                                     1.90               0.00                      0.00
                                     2.00               0.00                      0.00
                                     2.10               0.00                      0.00
                                     2.20               0.00                      0.00
                                     2.30               0.00                      0.00
                                     2.40               0.00                      0.00
                                     2.50               0.00                      0.00
                                     2.60               0.00                      0.00
                                     2.70               0.00                      0.00
                                     2.80               0.00                      0.00
                                     2.90               0.00                      0.00
                                     3.00               0.00                      0.00
                                     3.10               0.00                      0.00
                                     3.20               0.00                      0.00
                                     3.30               0.00                      0.00
                                     3.40               0.00                      0.00
                                     3.50               0.00                      0.00
                                     3.60               0.00                      0.00
                                     3.70               0.00                     -0.15
                                     3.80               0.00                     -0.38
                                     3.90               0.00                     -0.60
                                     4.00               0.00                     -0.93
                                     4.10               0.00                     -1.31
                                     4.20               0.00                     -1.72
                                     4.30               0.02                     -2.04
                                     4.40               0.07                     -2.13
                                     4.50               0.07                     -2.05
                                     4.60               0.03                     -1.89
                                     4.70               0.00                     -1.69
                                     4.80               0.00                     -1.53
                                     4.90               0.00                     -1.38
                                     5.00               0.00                     -1.23
                                     5.10               0.00                     -1.09
                                     5.20               0.00                     -0.98
                                     5.30               0.00                     -0.89
                                     5.40               0.00                     -0.81
                                     5.50               0.00                     -0.73
                                     5.60               0.00                     -0.65
                                     5.70               0.00                     -0.58
                                     5.80               0.00                     -0.51
                                     5.90               0.00                     -0.45
                                     6.00               0.00                     -0.39
                                     6.10               0.00                     -0.32
                                     6.20               0.00                     -0.26
                                     6.30               0.00                     -0.21

 THE MAXIMUM DISCHARGE FOR: CULV_129B       STRUCTURE NO.       11 IS:         1.29  AT TIME:     4.40
                                        INFLOW NODE:     13490 AND OUTFLOW NODE:     12954
                                     0.10               0.00                      0.00
                                     0.20               0.00                      0.00
                                     0.30               0.00                      0.00
                                     0.40               0.00                      0.00
                                     0.50               0.00                      0.00
                                     0.60               0.00                      0.00
                                     0.70               0.00                      0.00
                                     0.80               0.00                      0.00
                                     0.90               0.00                      0.00
                                     1.00               0.00                      0.00
                                     1.10               0.00                      0.00
                                     1.20               0.00                      0.00
                                     1.30               0.00                      0.00
                                     1.40               0.00                      0.00
                                     1.50               0.00                      0.00
                                     1.60               0.00                      0.00
                                     1.70               0.00                      0.00
                                     1.80               0.00                      0.00
                                     1.90               0.00                      0.00
                                     2.00               0.00                      0.00
                                     2.10               0.00                      0.00
                                     2.20               0.00                      0.00
                                     2.30               0.00                      0.00
                                     2.40               0.00                      0.00
                                     2.50               0.00                      0.00
                                     2.60               0.00                      0.00
                                     2.70               0.00                      0.00
                                     2.80               0.00                      0.00
                                     2.90               0.00                      0.00
                                     3.00               0.00                      0.00
                                     3.10               0.00                      0.00
                                     3.20               0.00                      0.00
                                     3.30               0.00                      0.00
                                     3.40               0.00                      0.00
                                     3.50               0.00                      0.00
                                     3.60               0.00                      0.00
                                     3.70               0.10                     -0.15
                                     3.80               0.24                     -0.38
                                     3.90               0.36                     -0.60
                                     4.00               0.50                     -0.93
                                     4.10               0.72                     -1.31
                                     4.20               0.97                     -1.72
                                     4.30               1.22                     -2.04
                                     4.40               1.29                     -2.13
                                     4.50               1.26                     -2.05
                                     4.60               1.18                     -1.89
                                     4.70               1.06                     -1.69
                                     4.80               0.94                     -1.53
                                     4.90               0.83                     -1.38
                                     5.00               0.73                     -1.23
                                     5.10               0.66                     -1.09
                                     5.20               0.60                     -0.98
                                     5.30               0.57                     -0.89
                                     5.40               0.54                     -0.81
                                     5.50               0.50                     -0.73
                                     5.60               0.45                     -0.65
                                     5.70               0.41                     -0.58
                                     5.80               0.36                     -0.51
                                     5.90               0.33                     -0.45
                                     6.00               0.29                     -0.39
                                     6.10               0.25                     -0.32
                                     6.20               0.21                     -0.26
                                     6.30               0.17                     -0.21

 THE MAXIMUM DISCHARGE FOR: CULV_129C       STRUCTURE NO.       12 IS:         0.81  AT TIME:     4.30
                                        INFLOW NODE:     13494 AND OUTFLOW NODE:     12954
                                     0.10               0.00                      0.00
                                     0.20               0.00                      0.00
                                     0.30               0.00                      0.00
                                     0.40               0.00                      0.00
                                     0.50               0.00                      0.00
                                     0.60               0.00                      0.00
                                     0.70               0.00                      0.00
                                     0.80               0.00                      0.00
                                     0.90               0.00                      0.00
                                     1.00               0.00                      0.00
                                     1.10               0.00                      0.00
                                     1.20               0.00                      0.00
                                     1.30               0.00                      0.00
                                     1.40               0.00                      0.00
                                     1.50               0.00                      0.00
                                     1.60               0.00                      0.00
                                     1.70               0.00                      0.00
                                     1.80               0.00                      0.00
                                     1.90               0.00                      0.00
                                     2.00               0.00                      0.00
                                     2.10               0.00                      0.00
                                     2.20               0.00                      0.00
                                     2.30               0.00                      0.00
                                     2.40               0.00                      0.00
                                     2.50               0.00                      0.00
                                     2.60               0.00                      0.00
                                     2.70               0.00                      0.00
                                     2.80               0.00                      0.00
                                     2.90               0.00                      0.00
                                     3.00               0.00                      0.00
                                     3.10               0.00                      0.00
                                     3.20               0.00                      0.00
                                     3.30               0.00                      0.00
                                     3.40               0.00                      0.00
                                     3.50               0.00                      0.00
                                     3.60               0.00                      0.00
                                     3.70               0.04                     -0.15
                                     3.80               0.14                     -0.38
                                     3.90               0.23                     -0.60
                                     4.00               0.43                     -0.93
                                     4.10               0.59                     -1.31
                                     4.20               0.75                     -1.72
                                     4.30               0.81                     -2.04
                                     4.40               0.77                     -2.13
                                     4.50               0.73                     -2.05
                                     4.60               0.68                     -1.89
                                     4.70               0.63                     -1.69
                                     4.80               0.59                     -1.53
                                     4.90               0.55                     -1.38
                                     5.00               0.50                     -1.23
                                     5.10               0.43                     -1.09
                                     5.20               0.38                     -0.98
                                     5.30               0.32                     -0.89
                                     5.40               0.28                     -0.81
                                     5.50               0.23                     -0.73
                                     5.60               0.20                     -0.65
                                     5.70               0.17                     -0.58
                                     5.80               0.14                     -0.51
                                     5.90               0.12                     -0.45
                                     6.00               0.10                     -0.39
                                     6.10               0.08                     -0.32
                                     6.20               0.06                     -0.26
                                     6.30               0.04                     -0.21
