  OUTFALL DISCHARGE TO FLO-2D

GRID ELEMENT:      34301        CHANNEL ELEMENT:         86
        TIME (HRS)    DISCHARGE (CFS OR CMS)
          0.000            0.000
          0.100            0.354
          0.200           -0.880
          0.300            0.935
          0.400           -1.272
          0.500            1.268
          0.600           -1.785
          0.700            1.737
          0.800           -1.863
          0.900            1.704
          1.000           -0.999
          1.100           -0.173
          1.200            1.428
          1.300           -1.887
          1.400            0.993
          1.500            0.352
          1.600           -0.074
          1.700            0.043
          1.800            0.048
          1.900            0.063
          2.000            0.060
          2.100            0.088
          2.200            0.118
          2.300            0.305
          2.400            0.445
          2.500            0.867
          2.600            2.148
          2.700            3.627
          2.800            4.574
          2.900            5.143
          3.000            5.594
          3.100            5.800
          3.200            6.127
          3.300            6.056
          3.400            6.802
          3.500            7.419
          3.600            7.971
          3.700            8.339
          3.800            8.163
          3.900            2.738
          4.000            7.652
          4.100            8.391
          4.200            7.964
          4.300            7.176
          4.400            7.549
          4.500            8.131
          4.600            8.500
          4.700            8.500
          4.800            8.500
          4.900            8.500
          5.000            8.500
          5.100            8.500
          5.200            8.500
          5.300            8.500
          5.400            8.500
          5.500            8.500
          5.600            8.500
          5.700            8.500
          5.800            8.500
          5.900            8.500
          6.000            8.500
          6.100            8.500
          6.200            8.500
          6.300            8.500

GRID ELEMENT:      29460        CHANNEL ELEMENT:        109
        TIME (HRS)    DISCHARGE (CFS OR CMS)
          0.000            0.000
          0.100            0.000
          0.200            0.000
          0.300            0.000
          0.400            0.000
          0.500            0.000
          0.600            0.000
          0.700            0.000
          0.800            0.000
          0.900            0.001
          1.000            0.001
          1.100            0.001
          1.200            0.001
          1.300            0.001
          1.400            0.001
          1.500            0.001
          1.600            0.001
          1.700            0.001
          1.800            0.002
          1.900            0.002
          2.000            0.002
          2.100            0.002
          2.200            0.002
          2.300            0.002
          2.400            0.002
          2.500            0.002
          2.600            0.003
          2.700            0.003
          2.800            0.006
          2.900            0.008
          3.000            0.008
          3.100            0.018
          3.200            0.021
          3.300            0.030
          3.400            0.041
          3.500            0.045
          3.600            0.084
          3.700            0.101
          3.800            0.118
          3.900            0.133
          4.000            0.146
          4.100            0.126
          4.200            0.134
          4.300            0.124
          4.400            0.109
          4.500            0.098
          4.600            0.084
          4.700            0.075
          4.800            0.066
          4.900            0.058
          5.000            0.053
          5.100            0.038
          5.200            0.032
          5.300            0.028
          5.400            0.025
          5.500            0.022
          5.600            0.020
          5.700            0.018
          5.800            0.017
          5.900            0.015
          6.000            0.014
          6.100            0.009
          6.200            0.004
          6.300            0.002

GRID ELEMENT:       6040        CHANNEL ELEMENT:        233
        TIME (HRS)    DISCHARGE (CFS OR CMS)
          0.000            0.000
          0.100            0.000
          0.200            0.000
          0.300            0.000
          0.400            0.000
          0.500            0.000
          0.600            0.000
          0.700            0.000
          0.800            0.000
          0.900            0.000
          1.000            0.000
          1.100            0.000
          1.200            0.000
          1.300            0.000
          1.400            0.000
          1.500            0.000
          1.600            0.000
          1.700            0.000
          1.800            0.000
          1.900            0.000
          2.000            0.001
          2.100            0.002
          2.200            0.003
          2.300            0.004
          2.400            0.005
          2.500            0.007
          2.600            0.010
          2.700            0.014
          2.800            0.019
          2.900            0.028
          3.000            0.038
          3.100            0.071
          3.200            0.115
          3.300            0.189
          3.400            0.328
          3.500            0.509
          3.600            0.947
          3.700            1.200
          3.800            1.200
          3.900            1.200
          4.000            1.200
          4.100            1.200
          4.200            1.200
          4.300            1.200
          4.400            1.200
          4.500            1.200
          4.600            1.200
          4.700            1.200
          4.800            1.200
          4.900            1.200
          5.000            1.200
          5.100            1.200
          5.200            1.200
          5.300            1.200
          5.400            1.200
          5.500            1.200
          5.600            1.200
          5.700            1.200
          5.800            1.200
          5.900            1.200
          6.000            1.200
          6.100            1.200
          6.200            1.200
          6.300            1.200

GRID ELEMENT:      13936        CHANNEL ELEMENT:        188
        TIME (HRS)    DISCHARGE (CFS OR CMS)
          0.000            0.000
          0.100            0.000
          0.200            0.000
          0.300            0.000
          0.400            0.000
          0.500            0.000
          0.600            0.000
          0.700            0.000
          0.800            0.000
          0.900            0.001
          1.000            0.002
          1.100            0.002
          1.200            0.003
          1.300            0.002
          1.400            0.002
          1.500            0.003
          1.600            0.003
          1.700            0.003
          1.800            0.003
          1.900            0.003
          2.000            0.004
          2.100            0.004
          2.200            0.004
          2.300            0.004
          2.400            0.005
          2.500            0.005
          2.600            0.005
          2.700            0.006
          2.800            0.007
          2.900            0.008
          3.000            0.010
          3.100            0.015
          3.200            0.020
          3.300            0.026
          3.400            0.039
          3.500            0.048
          3.600            0.084
          3.700            0.131
          3.800            0.171
          3.900            0.270
          4.000            0.477
          4.100            0.637
          4.200            0.750
          4.300            0.808
          4.400            0.844
          4.500            1.113
          4.600            1.200
          4.700            1.200
          4.800            1.200
          4.900            1.200
          5.000            1.200
          5.100            1.200
          5.200            1.200
          5.300            1.200
          5.400            1.200
          5.500            1.200
          5.600            1.200
          5.700            1.200
          5.800            1.200
          5.900            1.200
          6.000            1.200
          6.100            1.200
          6.200            1.200
          6.300            1.200

GRID ELEMENT:       2321        CHANNEL ELEMENT:        255
        TIME (HRS)    DISCHARGE (CFS OR CMS)
          0.000            0.000
          0.100            0.000
          0.200            0.000
          0.300            0.000
          0.400            0.000
          0.500            0.000
          0.600            0.000
          0.700            0.000
          0.800            0.003
          0.900            0.003
          1.000            0.007
          1.100            0.007
          1.200            0.008
          1.300            0.008
          1.400            0.008
          1.500            0.009
          1.600            0.010
          1.700            0.011
          1.800            0.012
          1.900            0.012
          2.000            0.013
          2.100            0.013
          2.200            0.013
          2.300            0.014
          2.400            0.015
          2.500            0.016
          2.600            0.017
          2.700            0.018
          2.800            0.019
          2.900            0.022
          3.000            0.024
          3.100            0.037
          3.200            0.046
          3.300            0.063
          3.400            0.083
          3.500            0.094
          3.600            0.162
          3.700            0.195
          3.800            0.224
          3.900            0.245
          4.000            0.254
          4.100            0.219
          4.200            0.640
          4.300            1.111
          4.400            1.066
          4.500            0.936
          4.600            0.781
          4.700            0.676
          4.800            0.595
          4.900            0.511
          5.000            0.506
          5.100            0.777
          5.200            1.200
          5.300            1.200
          5.400            1.200
          5.500            1.200
          5.600            1.200
          5.700            1.200
          5.800            1.200
          5.900            1.200
          6.000            1.200
          6.100            1.200
          6.200            1.200
          6.300            1.200

GRID ELEMENT:       9865        CHANNEL ELEMENT:        211
        TIME (HRS)    DISCHARGE (CFS OR CMS)
          0.000            0.000
          0.100            0.000
          0.200            0.000
          0.300            0.000
          0.400            0.000
          0.500            0.000
          0.600            0.000
          0.700            0.000
          0.800            0.000
          0.900            0.002
          1.000            0.003
          1.100            0.003
          1.200            0.003
          1.300            0.003
          1.400            0.002
          1.500            0.002
          1.600            0.003
          1.700            0.003
          1.800            0.003
          1.900            0.004
          2.000            0.005
          2.100            0.005
          2.200            0.005
          2.300            0.006
          2.400            0.007
          2.500            0.007
          2.600            0.009
          2.700            0.010
          2.800            0.012
          2.900            0.015
          3.000            0.016
          3.100            0.029
          3.200            0.039
          3.300            0.054
          3.400            0.082
          3.500            0.103
          3.600            0.184
          3.700            0.258
          3.800            0.355
          3.900            0.516
          4.000            0.812
          4.100            1.200
          4.200            1.200
          4.300            1.200
          4.400            1.200
          4.500            1.200
          4.600            1.200
          4.700            1.200
          4.800            1.200
          4.900            1.200
          5.000            1.200
          5.100            1.200
          5.200            1.200
          5.300            1.200
          5.400            1.200
          5.500            1.200
          5.600            1.200
          5.700            1.200
          5.800            1.200
          5.900            1.200
          6.000            1.200
          6.100            1.200
          6.200            1.200
          6.300            1.200

GRID ELEMENT:      18019        CHANNEL ELEMENT:        168
        TIME (HRS)    DISCHARGE (CFS OR CMS)
          0.000            0.000
          0.100            0.000
          0.200            0.000
          0.300            0.000
          0.400            0.000
          0.500            0.000
          0.600            0.000
          0.700            0.000
          0.800            0.000
          0.900            0.003
          1.000            0.012
          1.100            0.014
          1.200            0.016
          1.300            0.018
          1.400            0.019
          1.500            0.019
          1.600            0.020
          1.700            0.020
          1.800            0.021
          1.900            0.022
          2.000            0.023
          2.100            0.023
          2.200            0.023
          2.300            0.024
          2.400            0.025
          2.500            0.026
          2.600            0.027
          2.700            0.028
          2.800            0.030
          2.900            0.035
          3.000            0.038
          3.100            0.057
          3.200            0.073
          3.300            0.097
          3.400            0.133
          3.500            0.154
          3.600            0.260
          3.700            0.321
          3.800            0.366
          3.900            0.405
          4.000            0.420
          4.100            0.337
          4.200            0.301
          4.300            0.257
          4.400            0.213
          4.500            0.202
          4.600            0.173
          4.700            0.150
          4.800            0.130
          4.900            0.111
          5.000            0.099
          5.100            0.076
          5.200            0.061
          5.300            0.051
          5.400            0.045
          5.500            0.041
          5.600            0.040
          5.700            0.039
          5.800            0.037
          5.900            0.036
          6.000            0.035
          6.100            0.027
          6.200            0.017
          6.300            0.012

GRID ELEMENT:      16771        CHANNEL ELEMENT:        172
        TIME (HRS)    DISCHARGE (CFS OR CMS)
          0.000            0.000
          0.100            0.000
          0.200            0.000
          0.300            0.000
          0.400            0.000
          0.500            0.000
          0.600            0.000
          0.700            0.000
          0.800            0.000
          0.900            0.000
          1.000            0.000
          1.100            0.000
          1.200            0.000
          1.300            0.002
          1.400            0.005
          1.500            0.009
          1.600            0.015
          1.700            0.022
          1.800            0.029
          1.900            0.036
          2.000            0.045
          2.100            0.056
          2.200            0.067
          2.300            0.079
          2.400            0.090
          2.500            0.120
          2.600            0.095
          2.700            0.131
          2.800            0.204
          2.900            0.297
          3.000            0.277
          3.100            0.422
          3.200            0.911
          3.300            0.818
          3.400            0.896
          3.500            1.089
          3.600            1.200
          3.700            1.200
          3.800            1.072
          3.900            1.099
          4.000            1.180
          4.100            1.140
          4.200            1.158
          4.300            1.200
          4.400            1.120
          4.500            1.177
          4.600            1.197
          4.700            1.186
          4.800            1.186
          4.900            1.187
          5.000            1.186
          5.100            1.182
          5.200            1.178
          5.300            1.167
          5.400            1.190
          5.500            1.182
          5.600            1.190
          5.700            1.188
          5.800            1.186
          5.900            1.187
          6.000            1.200
          6.100            1.182
          6.200            1.195
          6.300            1.180

GRID ELEMENT:      16949        CHANNEL ELEMENT:        171
        TIME (HRS)    DISCHARGE (CFS OR CMS)
          0.000            0.000
          0.100            0.000
          0.200            0.000
          0.300            0.000
          0.400            0.000
          0.500            0.000
          0.600            0.000
          0.700            0.000
          0.800            0.001
          0.900            0.004
          1.000            0.007
          1.100            0.012
          1.200            0.020
          1.300            0.032
          1.400            0.047
          1.500            0.069
          1.600            0.099
          1.700            0.128
          1.800            0.155
          1.900            0.187
          2.000            0.224
          2.100            0.267
          2.200            0.314
          2.300            0.362
          2.400            0.408
          2.500            0.452
          2.600            0.507
          2.700            0.571
          2.800            0.645
          2.900            0.860
          3.000            0.822
          3.100            0.522
          3.200            0.623
          3.300            1.152
          3.400            1.729
          3.500            2.531
          3.600            5.258
          3.700            5.547
          3.800            5.465
          3.900            4.907
          4.000            6.117
          4.100            5.213
          4.200            5.439
          4.300            5.796
          4.400            5.240
          4.500            5.378
          4.600            5.542
          4.700            5.497
          4.800            5.627
          4.900            5.922
          5.000            5.779
          5.100            5.870
          5.200            5.906
          5.300            5.468
          5.400            5.919
          5.500            5.945
          5.600            6.020
          5.700            5.888
          5.800            5.907
          5.900            5.846
          6.000            6.220
          6.100            5.902
          6.200            5.972
          6.300            6.427

GRID ELEMENT:      25404        CHANNEL ELEMENT:        129
        TIME (HRS)    DISCHARGE (CFS OR CMS)
          0.000            0.000
          0.100            0.000
          0.200            0.000
          0.300            0.000
          0.400            0.000
          0.500            0.000
          0.600            0.000
          0.700            0.000
          0.800            0.000
          0.900            0.000
          1.000            0.000
          1.100            0.000
          1.200            0.001
          1.300            0.001
          1.400            0.001
          1.500            0.001
          1.600            0.001
          1.700            0.001
          1.800            0.001
          1.900            0.001
          2.000            0.001
          2.100            0.001
          2.200            0.001
          2.300            0.001
          2.400            0.001
          2.500            0.001
          2.600            0.002
          2.700            0.002
          2.800            0.004
          2.900            0.005
          3.000            0.005
          3.100            0.010
          3.200            0.012
          3.300            0.016
          3.400            0.021
          3.500            0.022
          3.600            0.041
          3.700            0.045
          3.800            0.050
          3.900            0.053
          4.000            0.053
          4.100            0.037
          4.200            0.035
          4.300            0.027
          4.400            0.021
          4.500            0.020
          4.600            0.014
          4.700            0.012
          4.800            0.011
          4.900            0.009
          5.000            0.009
          5.100            0.003
          5.200            0.002
          5.300            0.001
          5.400            0.001
          5.500            0.001
          5.600            0.001
          5.700            0.001
          5.800            0.001
          5.900            0.001
          6.000            0.001
          6.100            0.000
          6.200            0.000
          6.300            0.000

GRID ELEMENT:      24611        CHANNEL ELEMENT:        133
        TIME (HRS)    DISCHARGE (CFS OR CMS)
          0.000            0.000
          0.100           -7.000
          0.200           -7.000
          0.300           -7.000
          0.400            1.670
          0.500           -0.121
          0.600           -7.000
          0.700            3.678
          0.800            3.908
          0.900           -6.742
          1.000            0.244
          1.100            6.816
          1.200           -6.146
          1.300           -4.562
          1.400            3.996
          1.500            7.000
          1.600           -3.747
          1.700           -6.787
          1.800            2.193
          1.900            7.000
          2.000           -0.291
          2.100           -7.000
          2.200           -2.115
          2.300            6.346
          2.400            3.206
          2.500           -3.483
          2.600           -1.720
          2.700            3.507
          2.800            4.385
          2.900            1.648
          3.000            3.758
          3.100            3.417
          3.200            3.754
          3.300            4.324
          3.400            4.777
          3.500            5.260
          3.600            6.127
          3.700            7.000
          3.800            7.000
          3.900            7.000
          4.000            7.000
          4.100            7.000
          4.200            7.000
          4.300            7.000
          4.400            7.000
          4.500            7.000
          4.600            7.000
          4.700            7.000
          4.800            7.000
          4.900            7.000
          5.000            7.000
          5.100            7.000
          5.200            7.000
          5.300            7.000
          5.400            7.000
          5.500            7.000
          5.600            7.000
          5.700            7.000
          5.800            7.000
          5.900            7.000
          6.000            7.000
          6.100            7.000
          6.200            7.000
          6.300            7.000

GRID ELEMENT:      26607        CHANNEL ELEMENT:        123
        TIME (HRS)    DISCHARGE (CFS OR CMS)
          0.000            0.000
          0.100            0.000
          0.200            0.000
          0.300            0.000
          0.400            0.000
          0.500            0.000
          0.600            0.000
          0.700            0.000
          0.800            0.000
          0.900            0.000
          1.000            0.000
          1.100            0.000
          1.200            0.001
          1.300            0.003
          1.400            0.004
          1.500            0.005
          1.600            0.006
          1.700            0.008
          1.800            0.010
          1.900            0.011
          2.000            0.013
          2.100            0.014
          2.200            0.016
          2.300            0.018
          2.400            0.021
          2.500            0.024
          2.600            0.027
          2.700            0.031
          2.800            0.036
          2.900            0.043
          3.000            0.050
          3.100            0.067
          3.200            0.085
          3.300            0.114
          3.400            0.159
          3.500            0.209
          3.600            0.335
          3.700            0.506
          3.800            0.717
          3.900            0.987
          4.000            1.200
          4.100            1.200
          4.200            1.200
          4.300            1.200
          4.400            1.200
          4.500            1.200
          4.600            1.200
          4.700            1.200
          4.800            0.887
          4.900            0.788
          5.000            0.710
          5.100            0.627
          5.200            0.556
          5.300            0.494
          5.400            0.442
          5.500            0.397
          5.600            0.360
          5.700            0.329
          5.800            0.303
          5.900            0.281
          6.000            0.261
          6.100            0.234
          6.200            0.210
          6.300            0.190

GRID ELEMENT:      20580        CHANNEL ELEMENT:        154
        TIME (HRS)    DISCHARGE (CFS OR CMS)
          0.000            0.000
          0.100            0.000
          0.200            0.000
          0.300            0.000
          0.400            0.000
          0.500            0.000
          0.600            0.000
          0.700            0.000
          0.800            0.000
          0.900            0.000
          1.000            0.000
          1.100            0.000
          1.200            0.000
          1.300            0.000
          1.400            0.000
          1.500            0.000
          1.600            0.000
          1.700            0.000
          1.800            0.000
          1.900            0.000
          2.000            0.000
          2.100            0.000
          2.200            0.000
          2.300            0.000
          2.400            0.000
          2.500            0.000
          2.600            0.000
          2.700            0.001
          2.800            0.002
          2.900            0.002
          3.000            0.003
          3.100            0.014
          3.200            0.020
          3.300            0.032
          3.400            0.048
          3.500            0.056
          3.600            0.108
          3.700            0.133
          3.800            0.154
          3.900            0.170
          4.000            0.177
          4.100            0.136
          4.200            0.122
          4.300            0.099
          4.400            0.077
          4.500            0.068
          4.600            0.051
          4.700            0.043
          4.800            0.037
          4.900            0.034
          5.000            0.034
          5.100            0.026
          5.200            0.022
          5.300            0.020
          5.400            0.019
          5.500            0.018
          5.600            0.017
          5.700            0.017
          5.800            0.016
          5.900            0.016
          6.000            0.015
          6.100            0.010
          6.200            0.002
          6.300            0.002

GRID ELEMENT:      23826        CHANNEL ELEMENT:        137
        TIME (HRS)    DISCHARGE (CFS OR CMS)
          0.000            0.000
          0.100            0.000
          0.200            0.000
          0.300            0.000
          0.400            0.000
          0.500            0.000
          0.600            0.000
          0.700            0.000
          0.800            0.000
          0.900            0.000
          1.000            0.000
          1.100            0.000
          1.200            0.000
          1.300            0.002
          1.400            0.004
          1.500            0.005
          1.600            0.006
          1.700            0.009
          1.800            0.011
          1.900            0.014
          2.000            0.017
          2.100            0.020
          2.200            0.022
          2.300            0.025
          2.400            0.027
          2.500            0.029
          2.600            0.031
          2.700            0.033
          2.800            0.036
          2.900            0.041
          3.000            0.045
          3.100            0.059
          3.200            0.073
          3.300            0.096
          3.400            0.130
          3.500            0.163
          3.600            0.251
          3.700            0.338
          3.800            0.423
          3.900            0.502
          4.000            0.587
          4.100            1.200
          4.200            1.200
          4.300            1.200
          4.400            1.200
          4.500            1.200
          4.600            1.200
          4.700            1.200
          4.800            1.200
          4.900            1.200
          5.000            1.200
          5.100            1.200
          5.200            1.200
          5.300            1.200
          5.400            1.200
          5.500            1.200
          5.600            1.200
          5.700            1.200
          5.800            1.200
          5.900            1.200
          6.000            1.200
          6.100            1.200
          6.200            1.200
          6.300            1.200
